2022-06-11 13:58:32,852-OCGNN-INFO-Start training
2022-06-11 13:58:32,852-OCGNN-INFO-dropout:0.5, nu:0.2,seed:52,lr:0.001,self-loop:True,norm:False
2022-06-11 13:58:32,852-OCGNN-INFO-n-epochs:5000, n-hidden:32,n-layers:2,weight-decay:0.0005
2022-06-11 14:00:52,882-OCGNN-INFO-Start training
2022-06-11 14:00:52,882-OCGNN-INFO-dropout:0.5, nu:0.2,seed:52,lr:0.001,self-loop:True,norm:False
2022-06-11 14:00:52,882-OCGNN-INFO-n-epochs:5000, n-hidden:32,n-layers:4,weight-decay:0.0005
2022-06-11 14:04:27,485-OCGNN-INFO-Start training
2022-06-11 14:04:27,485-OCGNN-INFO-dropout:0.5, nu:0.2,seed:52,lr:0.001,self-loop:True,norm:False
2022-06-11 14:04:27,486-OCGNN-INFO-n-epochs:5000, n-hidden:32,n-layers:4,weight-decay:0.0005
2022-06-11 18:19:07,494-OCGNN-INFO-Start training
2022-06-11 18:19:07,494-OCGNN-INFO-dropout:0.5, nu:0.2,seed:52,lr:0.001,self-loop:True,norm:False
2022-06-11 18:19:07,494-OCGNN-INFO-n-epochs:5000, n-hidden:32,n-layers:4,weight-decay:0.0005
2022-06-11 18:20:59,302-OCGNN-INFO-Start training
2022-06-11 18:20:59,302-OCGNN-INFO-dropout:0.5, nu:0.2,seed:52,lr:0.001,self-loop:True,norm:False
2022-06-11 18:20:59,302-OCGNN-INFO-n-epochs:5000, n-hidden:32,n-layers:4,weight-decay:0.0005
2022-06-11 18:24:01,302-OCGNN-INFO-Start training
2022-06-11 18:24:01,302-OCGNN-INFO-dropout:0.5, nu:0.2,seed:52,lr:0.001,self-loop:True,norm:False
2022-06-11 18:24:01,302-OCGNN-INFO-n-epochs:5000, n-hidden:32,n-layers:4,weight-decay:0.0005
2022-06-11 19:27:38,105-OCGNN-INFO-Start training
2022-06-11 19:27:38,105-OCGNN-INFO-dropout:0.5, nu:0.2,seed:52,lr:0.001,self-loop:True,norm:False
2022-06-11 19:27:38,105-OCGNN-INFO-n-epochs:3000, n-hidden:64,n-layers:4,weight-decay:0.0005
2022-06-11 19:29:08,234-OCGNN-INFO-Start training
2022-06-11 19:29:08,234-OCGNN-INFO-dropout:0.5, nu:0.2,seed:52,lr:0.001,self-loop:True,norm:False
2022-06-11 19:29:08,234-OCGNN-INFO-n-epochs:3000, n-hidden:64,n-layers:4,weight-decay:0.0005
2022-06-11 19:30:29,036-OCGNN-INFO-Start training
2022-06-11 19:30:29,036-OCGNN-INFO-dropout:0.5, nu:0.2,seed:52,lr:0.001,self-loop:True,norm:False
2022-06-11 19:30:29,036-OCGNN-INFO-n-epochs:3000, n-hidden:64,n-layers:4,weight-decay:0.0005
2022-06-11 19:31:48,169-OCGNN-INFO-Start training
2022-06-11 19:31:48,169-OCGNN-INFO-dropout:0.5, nu:0.2,seed:52,lr:0.001,self-loop:True,norm:False
2022-06-11 19:31:48,169-OCGNN-INFO-n-epochs:3000, n-hidden:64,n-layers:4,weight-decay:0.0005
2022-06-11 19:32:44,338-OCGNN-INFO-Start training
2022-06-11 19:32:44,339-OCGNN-INFO-dropout:0.5, nu:0.2,seed:52,lr:0.001,self-loop:True,norm:False
2022-06-11 19:32:44,339-OCGNN-INFO-n-epochs:3000, n-hidden:64,n-layers:4,weight-decay:0.0005
2022-06-11 19:33:42,311-OCGNN-INFO-Start training
2022-06-11 19:33:42,311-OCGNN-INFO-dropout:0.5, nu:0.2,seed:52,lr:0.001,self-loop:True,norm:False
2022-06-11 19:33:42,311-OCGNN-INFO-n-epochs:3000, n-hidden:64,n-layers:4,weight-decay:0.0005
2022-06-11 19:35:14,074-OCGNN-INFO-Start training
2022-06-11 19:35:14,074-OCGNN-INFO-dropout:0.5, nu:0.2,seed:52,lr:0.001,self-loop:True,norm:False
2022-06-11 19:35:14,074-OCGNN-INFO-n-epochs:3000, n-hidden:64,n-layers:4,weight-decay:0.0005
2022-06-11 20:12:35,166-OCGNN-INFO-Start training
2022-06-11 20:12:35,166-OCGNN-INFO-dropout:0.5, nu:0.2,seed:52,lr:0.001,self-loop:True,norm:False
2022-06-11 20:12:35,166-OCGNN-INFO-n-epochs:3000, n-hidden:64,n-layers:4,weight-decay:0.0005
2022-06-11 20:16:08,264-OCGNN-INFO-Start training
2022-06-11 20:16:08,264-OCGNN-INFO-dropout:0.5, nu:0.2,seed:52,lr:0.001,self-loop:True,norm:False
2022-06-11 20:16:08,264-OCGNN-INFO-n-epochs:3000, n-hidden:64,n-layers:4,weight-decay:0.0005
2022-06-11 23:02:04,881-OCGNN-INFO-Start training
2022-06-11 23:02:04,881-OCGNN-INFO-dropout:0.5, nu:0.2,seed:52,lr:0.001,self-loop:True,norm:False
2022-06-11 23:02:04,881-OCGNN-INFO-n-epochs:3000, n-hidden:64,n-layers:4,weight-decay:0.0005
2022-06-11 23:02:51,133-OCGNN-INFO-Start training
2022-06-11 23:02:51,133-OCGNN-INFO-dropout:0.5, nu:0.2,seed:52,lr:0.001,self-loop:True,norm:False
2022-06-11 23:02:51,133-OCGNN-INFO-n-epochs:3000, n-hidden:64,n-layers:4,weight-decay:0.0005
2022-06-11 23:04:24,329-OCGNN-INFO-Start training
2022-06-11 23:04:24,329-OCGNN-INFO-dropout:0.5, nu:0.2,seed:52,lr:0.001,self-loop:True,norm:False
2022-06-11 23:04:24,330-OCGNN-INFO-n-epochs:3000, n-hidden:64,n-layers:4,weight-decay:0.0005
2022-06-11 23:05:11,583-OCGNN-INFO-Start training
2022-06-11 23:05:11,584-OCGNN-INFO-dropout:0.5, nu:0.2,seed:52,lr:0.001,self-loop:True,norm:False
2022-06-11 23:05:11,584-OCGNN-INFO-n-epochs:3000, n-hidden:64,n-layers:4,weight-decay:0.0005
2022-06-11 23:05:58,415-OCGNN-INFO-Start training
2022-06-11 23:05:58,415-OCGNN-INFO-dropout:0.5, nu:0.2,seed:52,lr:0.001,self-loop:True,norm:False
2022-06-11 23:05:58,415-OCGNN-INFO-n-epochs:3000, n-hidden:64,n-layers:4,weight-decay:0.0005
2022-06-11 23:12:31,463-OCGNN-INFO-Start training
2022-06-11 23:12:31,463-OCGNN-INFO-dropout:0.5, nu:0.2,seed:52,lr:0.001,self-loop:True,norm:False
2022-06-11 23:12:31,463-OCGNN-INFO-n-epochs:3000, n-hidden:64,n-layers:4,weight-decay:0.0005
2022-06-12 09:59:29,212-OCGNN-INFO-Start training
2022-06-12 09:59:29,212-OCGNN-INFO-dropout:0.5, nu:0.2,seed:52,lr:0.001,self-loop:True,norm:False
2022-06-12 09:59:29,212-OCGNN-INFO-n-epochs:3000, n-hidden:64,n-layers:4,weight-decay:0.0005
2022-06-12 10:00:31,376-OCGNN-INFO-Start training
2022-06-12 10:00:31,376-OCGNN-INFO-dropout:0.5, nu:0.2,seed:52,lr:0.001,self-loop:True,norm:False
2022-06-12 10:00:31,376-OCGNN-INFO-n-epochs:3000, n-hidden:64,n-layers:3,weight-decay:0.0005
2022-06-12 13:08:40,626-OCGNN-INFO-Start training
2022-06-12 13:08:40,626-OCGNN-INFO-dropout:0.5, nu:0.2,seed:52,lr:0.001,self-loop:True,norm:False
2022-06-12 13:08:40,626-OCGNN-INFO-n-epochs:3000, n-hidden:64,n-layers:3,weight-decay:0.0005
2022-06-12 13:09:35,557-OCGNN-INFO-Start training
2022-06-12 13:09:35,557-OCGNN-INFO-dropout:0.5, nu:0.2,seed:52,lr:0.001,self-loop:True,norm:False
2022-06-12 13:09:35,557-OCGNN-INFO-n-epochs:3000, n-hidden:64,n-layers:3,weight-decay:0.0005
2022-06-12 19:27:18,632-OCGNN-INFO-Start training
2022-06-12 19:27:18,632-OCGNN-INFO-dropout:0.5, nu:0.2,seed:52,lr:0.001,self-loop:True,norm:False
2022-06-12 19:27:18,632-OCGNN-INFO-n-epochs:3000, n-hidden:64,n-layers:3,weight-decay:0.0005
2022-06-12 19:28:21,713-OCGNN-INFO-Start training
2022-06-12 19:28:21,713-OCGNN-INFO-dropout:0.5, nu:0.2,seed:52,lr:0.001,self-loop:True,norm:False
2022-06-12 19:28:21,713-OCGNN-INFO-n-epochs:3000, n-hidden:64,n-layers:3,weight-decay:0.0005
2022-06-12 19:29:53,037-OCGNN-INFO-Start training
2022-06-12 19:29:53,038-OCGNN-INFO-dropout:0.5, nu:0.2,seed:52,lr:0.001,self-loop:True,norm:False
2022-06-12 19:29:53,038-OCGNN-INFO-n-epochs:3000, n-hidden:64,n-layers:3,weight-decay:0.0005
2022-06-12 19:35:19,387-OCGNN-INFO-Start training
2022-06-12 19:35:19,388-OCGNN-INFO-dropout:0.5, nu:0.2,seed:52,lr:0.001,self-loop:True,norm:False
2022-06-12 19:35:19,388-OCGNN-INFO-n-epochs:3000, n-hidden:64,n-layers:3,weight-decay:0.0005
2022-06-12 19:36:19,224-OCGNN-INFO-Start training
2022-06-12 19:36:19,225-OCGNN-INFO-dropout:0.5, nu:0.2,seed:52,lr:0.001,self-loop:True,norm:False
2022-06-12 19:36:19,225-OCGNN-INFO-n-epochs:3000, n-hidden:64,n-layers:3,weight-decay:0.0005
2022-06-12 20:28:26,432-OCGNN-INFO-Start training
2022-06-12 20:28:26,432-OCGNN-INFO-dropout:0.5, nu:0.2,seed:52,lr:0.001,self-loop:True,norm:False
2022-06-12 20:28:26,432-OCGNN-INFO-n-epochs:3000, n-hidden:64,n-layers:3,weight-decay:0.0005
2022-06-12 20:31:53,842-OCGNN-INFO-Start training
2022-06-12 20:31:53,842-OCGNN-INFO-dropout:0.5, nu:0.2,seed:52,lr:0.001,self-loop:True,norm:False
2022-06-12 20:31:53,842-OCGNN-INFO-n-epochs:3000, n-hidden:64,n-layers:3,weight-decay:0.0005
2022-06-12 20:32:52,591-OCGNN-INFO-Start training
2022-06-12 20:32:52,592-OCGNN-INFO-dropout:0.5, nu:0.2,seed:52,lr:0.001,self-loop:True,norm:False
2022-06-12 20:32:52,592-OCGNN-INFO-n-epochs:3000, n-hidden:64,n-layers:3,weight-decay:0.0005
2022-06-12 20:33:20,106-OCGNN-INFO-Start training
2022-06-12 20:33:20,106-OCGNN-INFO-dropout:0.5, nu:0.2,seed:52,lr:0.001,self-loop:True,norm:False
2022-06-12 20:33:20,106-OCGNN-INFO-n-epochs:3000, n-hidden:64,n-layers:3,weight-decay:0.0005
2022-06-12 20:35:20,525-OCGNN-INFO-Start training
2022-06-12 20:35:20,525-OCGNN-INFO-dropout:0.5, nu:0.2,seed:52,lr:0.001,self-loop:True,norm:False
2022-06-12 20:35:20,525-OCGNN-INFO-n-epochs:3000, n-hidden:64,n-layers:3,weight-decay:0.0005
2022-06-12 20:35:51,880-OCGNN-INFO-Start training
2022-06-12 20:35:51,881-OCGNN-INFO-dropout:0.5, nu:0.2,seed:52,lr:0.001,self-loop:True,norm:False
2022-06-12 20:35:51,881-OCGNN-INFO-n-epochs:3000, n-hidden:64,n-layers:3,weight-decay:0.0005
2022-06-12 20:36:23,791-OCGNN-INFO-Start training
2022-06-12 20:36:23,791-OCGNN-INFO-dropout:0.5, nu:0.2,seed:52,lr:0.001,self-loop:True,norm:False
2022-06-12 20:36:23,791-OCGNN-INFO-n-epochs:3000, n-hidden:64,n-layers:3,weight-decay:0.0005
2022-06-12 20:37:20,716-OCGNN-INFO-Start training
2022-06-12 20:37:20,716-OCGNN-INFO-dropout:0.5, nu:0.2,seed:52,lr:0.001,self-loop:True,norm:False
2022-06-12 20:37:20,716-OCGNN-INFO-n-epochs:3000, n-hidden:64,n-layers:3,weight-decay:0.0005
2022-06-12 20:38:19,806-OCGNN-INFO-Start training
2022-06-12 20:38:19,806-OCGNN-INFO-dropout:0.5, nu:0.2,seed:52,lr:0.001,self-loop:True,norm:False
2022-06-12 20:38:19,806-OCGNN-INFO-n-epochs:3000, n-hidden:64,n-layers:3,weight-decay:0.0005
2022-06-12 20:39:30,060-OCGNN-INFO-Start training
2022-06-12 20:39:30,060-OCGNN-INFO-dropout:0.5, nu:0.2,seed:52,lr:0.001,self-loop:True,norm:False
2022-06-12 20:39:30,060-OCGNN-INFO-n-epochs:3000, n-hidden:64,n-layers:3,weight-decay:0.0005
2022-06-12 20:42:05,425-OCGNN-INFO-Start training
2022-06-12 20:42:05,425-OCGNN-INFO-dropout:0.5, nu:0.2,seed:52,lr:0.001,self-loop:True,norm:False
2022-06-12 20:42:05,425-OCGNN-INFO-n-epochs:3000, n-hidden:64,n-layers:3,weight-decay:0.0005
2022-06-12 20:56:54,943-OCGNN-INFO-Start training
2022-06-12 20:56:54,943-OCGNN-INFO-dropout:0.5, nu:0.2,seed:52,lr:0.001,self-loop:True,norm:False
2022-06-12 20:56:54,943-OCGNN-INFO-n-epochs:3000, n-hidden:64,n-layers:3,weight-decay:0.0005
2022-06-12 20:58:34,663-OCGNN-INFO-Start training
2022-06-12 20:58:34,663-OCGNN-INFO-dropout:0.5, nu:0.2,seed:52,lr:0.001,self-loop:True,norm:False
2022-06-12 20:58:34,663-OCGNN-INFO-n-epochs:3000, n-hidden:64,n-layers:3,weight-decay:0.0005
2022-06-12 20:59:31,912-OCGNN-INFO-Start training
2022-06-12 20:59:31,912-OCGNN-INFO-dropout:0.5, nu:0.2,seed:52,lr:0.001,self-loop:True,norm:False
2022-06-12 20:59:31,912-OCGNN-INFO-n-epochs:3000, n-hidden:64,n-layers:3,weight-decay:0.0005
2022-06-12 21:00:11,099-OCGNN-INFO-Start training
2022-06-12 21:00:11,100-OCGNN-INFO-dropout:0.5, nu:0.2,seed:52,lr:0.001,self-loop:True,norm:False
2022-06-12 21:00:11,100-OCGNN-INFO-n-epochs:3000, n-hidden:64,n-layers:3,weight-decay:0.0005
2022-06-12 21:00:54,795-OCGNN-INFO-Start training
2022-06-12 21:00:54,795-OCGNN-INFO-dropout:0.5, nu:0.2,seed:52,lr:0.001,self-loop:True,norm:False
2022-06-12 21:00:54,795-OCGNN-INFO-n-epochs:3000, n-hidden:64,n-layers:3,weight-decay:0.0005
2022-06-12 21:01:45,126-OCGNN-INFO-Start training
2022-06-12 21:01:45,126-OCGNN-INFO-dropout:0.5, nu:0.2,seed:52,lr:0.001,self-loop:True,norm:False
2022-06-12 21:01:45,126-OCGNN-INFO-n-epochs:3000, n-hidden:64,n-layers:3,weight-decay:0.0005
2022-06-12 21:24:33,491-OCGNN-INFO-Start training
2022-06-12 21:24:33,491-OCGNN-INFO-dropout:0.5, nu:0.2,seed:52,lr:0.001,self-loop:True,norm:False
2022-06-12 21:24:33,491-OCGNN-INFO-n-epochs:3000, n-hidden:64,n-layers:3,weight-decay:0.0005
2022-06-12 21:25:28,785-OCGNN-INFO-Start training
2022-06-12 21:25:28,785-OCGNN-INFO-dropout:0.5, nu:0.2,seed:52,lr:0.001,self-loop:True,norm:False
2022-06-12 21:25:28,786-OCGNN-INFO-n-epochs:3000, n-hidden:64,n-layers:3,weight-decay:0.0005
2022-06-12 21:27:06,533-OCGNN-INFO-Start training
2022-06-12 21:27:06,533-OCGNN-INFO-dropout:0.5, nu:0.2,seed:52,lr:0.001,self-loop:True,norm:False
2022-06-12 21:27:06,533-OCGNN-INFO-n-epochs:3000, n-hidden:64,n-layers:3,weight-decay:0.0005
2022-06-12 21:45:14,395-OCGNN-INFO-Start training
2022-06-12 21:45:14,395-OCGNN-INFO-dropout:0.5, nu:0.2,seed:52,lr:0.001,self-loop:True,norm:False
2022-06-12 21:45:14,395-OCGNN-INFO-n-epochs:3000, n-hidden:64,n-layers:3,weight-decay:0.0005
2022-06-12 21:51:09,271-OCGNN-INFO-Start training
2022-06-12 21:51:09,271-OCGNN-INFO-dropout:0.5, nu:0.2,seed:52,lr:0.001,self-loop:True,norm:False
2022-06-12 21:51:09,271-OCGNN-INFO-n-epochs:3000, n-hidden:64,n-layers:3,weight-decay:0.0005
2022-06-12 21:54:12,965-OCGNN-INFO-Start training
2022-06-12 21:54:12,965-OCGNN-INFO-dropout:0.5, nu:0.2,seed:52,lr:0.001,self-loop:True,norm:False
2022-06-12 21:54:12,965-OCGNN-INFO-n-epochs:3000, n-hidden:64,n-layers:3,weight-decay:0.0005
2022-06-13 12:25:44,515-OCGNN-INFO-Start training
2022-06-13 12:25:44,515-OCGNN-INFO-dropout:0.5, nu:0.2,seed:52,lr:0.001,self-loop:True,norm:False
2022-06-13 12:25:44,515-OCGNN-INFO-n-epochs:3000, n-hidden:64,n-layers:3,weight-decay:0.0005
2022-06-13 12:27:49,442-OCGNN-INFO-Start training
2022-06-13 12:27:49,442-OCGNN-INFO-dropout:0.5, nu:0.2,seed:52,lr:0.001,self-loop:True,norm:False
2022-06-13 12:27:49,442-OCGNN-INFO-n-epochs:3000, n-hidden:64,n-layers:3,weight-decay:0.0005
2022-06-13 12:28:33,681-OCGNN-INFO-Start training
2022-06-13 12:28:33,681-OCGNN-INFO-dropout:0.5, nu:0.2,seed:52,lr:0.001,self-loop:True,norm:False
2022-06-13 12:28:33,681-OCGNN-INFO-n-epochs:3000, n-hidden:64,n-layers:3,weight-decay:0.0005
2022-06-13 13:28:42,062-OCGNN-INFO-Start training
2022-06-13 13:28:42,062-OCGNN-INFO-dropout:0.5, nu:0.2,seed:52,lr:0.001,self-loop:True,norm:False
2022-06-13 13:28:42,062-OCGNN-INFO-n-epochs:3000, n-hidden:64,n-layers:3,weight-decay:0.0005
2022-06-13 13:29:39,250-OCGNN-INFO-Start training
2022-06-13 13:29:39,250-OCGNN-INFO-dropout:0.5, nu:0.2,seed:52,lr:0.001,self-loop:True,norm:False
2022-06-13 13:29:39,250-OCGNN-INFO-n-epochs:5000, n-hidden:64,n-layers:3,weight-decay:0.0005
2022-06-13 13:30:47,697-OCGNN-INFO-Start training
2022-06-13 13:30:47,697-OCGNN-INFO-dropout:0.5, nu:0.2,seed:52,lr:0.001,self-loop:True,norm:False
2022-06-13 13:30:47,697-OCGNN-INFO-n-epochs:5000, n-hidden:64,n-layers:3,weight-decay:0.0005
2022-06-13 16:57:06,633-OCGNN-INFO-Start training
2022-06-13 16:57:06,633-OCGNN-INFO-dropout:0.5, nu:0.2,seed:52,lr:0.001,self-loop:True,norm:False
2022-06-13 16:57:06,633-OCGNN-INFO-n-epochs:5000, n-hidden:64,n-layers:3,weight-decay:0.0005
2022-06-13 16:59:47,426-OCGNN-INFO-Start training
2022-06-13 16:59:47,426-OCGNN-INFO-dropout:0.5, nu:0.2,seed:52,lr:0.001,self-loop:True,norm:False
2022-06-13 16:59:47,426-OCGNN-INFO-n-epochs:5000, n-hidden:64,n-layers:3,weight-decay:0.0005
2022-06-13 17:02:27,411-OCGNN-INFO-Start training
2022-06-13 17:02:27,411-OCGNN-INFO-dropout:0.5, nu:0.2,seed:52,lr:0.001,self-loop:True,norm:False
2022-06-13 17:02:27,411-OCGNN-INFO-n-epochs:5000, n-hidden:64,n-layers:3,weight-decay:0.0005
2022-06-14 14:53:13,886-OCGNN-INFO-Start training
2022-06-14 14:53:13,886-OCGNN-INFO-dropout:0.5, nu:0.2,seed:52,lr:0.001,self-loop:True,norm:False
2022-06-14 14:53:13,886-OCGNN-INFO-n-epochs:5000, n-hidden:64,n-layers:3,weight-decay:0.0005
2022-06-14 14:55:37,784-OCGNN-INFO-Start training
2022-06-14 14:55:37,784-OCGNN-INFO-dropout:0.5, nu:0.2,seed:52,lr:0.001,self-loop:True,norm:False
2022-06-14 14:55:37,784-OCGNN-INFO-n-epochs:5000, n-hidden:64,n-layers:3,weight-decay:0.0005
2022-06-14 14:56:46,805-OCGNN-INFO-Start training
2022-06-14 14:56:46,805-OCGNN-INFO-dropout:0.5, nu:0.2,seed:52,lr:0.001,self-loop:True,norm:False
2022-06-14 14:56:46,805-OCGNN-INFO-n-epochs:5000, n-hidden:64,n-layers:3,weight-decay:0.0005
2022-06-14 14:58:01,828-OCGNN-INFO-Start training
2022-06-14 14:58:01,828-OCGNN-INFO-dropout:0.5, nu:0.2,seed:52,lr:0.001,self-loop:True,norm:False
2022-06-14 14:58:01,828-OCGNN-INFO-n-epochs:5000, n-hidden:64,n-layers:3,weight-decay:0.0005
2022-06-14 14:59:11,466-OCGNN-INFO-Start training
2022-06-14 14:59:11,466-OCGNN-INFO-dropout:0.5, nu:0.2,seed:52,lr:0.001,self-loop:True,norm:False
2022-06-14 14:59:11,466-OCGNN-INFO-n-epochs:5000, n-hidden:64,n-layers:3,weight-decay:0.0005
2022-06-15 14:59:53,971-OCGNN-INFO-Start training
2022-06-15 14:59:53,971-OCGNN-INFO-dropout:0.5, nu:0.2,seed:52,lr:0.001,self-loop:True,norm:False
2022-06-15 14:59:53,971-OCGNN-INFO-n-epochs:5000, n-hidden:64,n-layers:3,weight-decay:0.0005,noise_p:0.012,noise_d:2
2022-06-15 15:00:56,725-OCGNN-INFO-Current epoch: 4999 Test AUROC 0.9435 | Test AUPRC 0.9413
2022-06-15 15:00:56,726-OCGNN-INFO-Test f1:0.6667,acc:0.5024,pre:0.5,recall:1.0
2022-06-15 15:00:56,726-OCGNN-INFO-

2022-06-15 15:00:56,825-OCGNN-INFO-Start training
2022-06-15 15:00:56,825-OCGNN-INFO-dropout:0.5, nu:0.2,seed:52,lr:0.001,self-loop:True,norm:False
2022-06-15 15:00:56,825-OCGNN-INFO-n-epochs:5000, n-hidden:64,n-layers:3,weight-decay:0.0005,noise_p:0.012,noise_d:2
2022-06-15 15:01:59,266-OCGNN-INFO-Current epoch: 4999 Test AUROC 0.9356 | Test AUPRC 0.9281
2022-06-15 15:01:59,266-OCGNN-INFO-Test f1:0.6667,acc:0.5024,pre:0.5,recall:1.0
2022-06-15 15:01:59,266-OCGNN-INFO-

2022-06-15 15:01:59,393-OCGNN-INFO-Start training
2022-06-15 15:01:59,393-OCGNN-INFO-dropout:0.5, nu:0.2,seed:52,lr:0.001,self-loop:True,norm:False
2022-06-15 15:01:59,393-OCGNN-INFO-n-epochs:5000, n-hidden:64,n-layers:3,weight-decay:0.0005,noise_p:0.012,noise_d:2
2022-06-15 15:03:02,090-OCGNN-INFO-Current epoch: 4999 Test AUROC 0.9259 | Test AUPRC 0.9247
2022-06-15 15:03:02,091-OCGNN-INFO-Test f1:0.6645,acc:0.4976,pre:0.4976,recall:1.0
2022-06-15 15:03:02,091-OCGNN-INFO-

2022-06-15 15:03:02,208-OCGNN-INFO-Start training
2022-06-15 15:03:02,208-OCGNN-INFO-dropout:0.5, nu:0.2,seed:52,lr:0.001,self-loop:True,norm:False
2022-06-15 15:03:02,208-OCGNN-INFO-n-epochs:5000, n-hidden:64,n-layers:3,weight-decay:0.0005,noise_p:0.012,noise_d:2
2022-06-15 15:04:04,204-OCGNN-INFO-Current epoch: 4999 Test AUROC 0.9196 | Test AUPRC 0.9139
2022-06-15 15:04:04,204-OCGNN-INFO-Test f1:0.6842,acc:0.5407,pre:0.52,recall:1.0
2022-06-15 15:04:04,204-OCGNN-INFO-

2022-06-15 15:04:04,326-OCGNN-INFO-Start training
2022-06-15 15:04:04,326-OCGNN-INFO-dropout:0.5, nu:0.2,seed:52,lr:0.001,self-loop:True,norm:False
2022-06-15 15:04:04,326-OCGNN-INFO-n-epochs:5000, n-hidden:64,n-layers:3,weight-decay:0.0005,noise_p:0.012,noise_d:2
2022-06-15 15:05:06,691-OCGNN-INFO-Current epoch: 4999 Test AUROC 0.9288 | Test AUPRC 0.9289
2022-06-15 15:05:06,691-OCGNN-INFO-Test f1:0.7123,acc:0.5981,pre:0.5532,recall:1.0
2022-06-15 15:05:06,691-OCGNN-INFO-

2022-06-15 16:07:47,290-OCGNN-INFO-Start training
2022-06-15 16:07:47,290-OCGNN-INFO-dropout:0.5, nu:0.2,seed:52,lr:0.001,self-loop:True,norm:False
2022-06-15 16:07:47,290-OCGNN-INFO-n-epochs:5000, n-hidden:64,n-layers:3,weight-decay:0.0005,noise_p:0.013,noise_d:2
2022-07-07 16:53:52,441-OCGNN-INFO-Start training
2022-07-07 16:53:52,441-OCGNN-INFO-dropout:0.5, nu:0.2,seed:52,lr:0.001,self-loop:True,norm:False
2022-07-07 16:53:52,441-OCGNN-INFO-n-epochs:3000, n-hidden:64,n-layers:4,weight-decay:0.0005,noise_p:0.01,noise_d:2
2022-07-07 16:54:36,957-OCGNN-INFO-Current epoch: 2999 Test AUROC 0.9069 | Test AUPRC 0.8332
2022-07-07 16:54:36,957-OCGNN-INFO-Test f1:0.6058,acc:0.4511,pre:0.4345,recall:1.0
2022-07-07 16:54:36,957-OCGNN-INFO-

2022-07-07 16:54:37,053-OCGNN-INFO-Start training
2022-07-07 16:54:37,053-OCGNN-INFO-dropout:0.5, nu:0.2,seed:52,lr:0.001,self-loop:True,norm:False
2022-07-07 16:54:37,053-OCGNN-INFO-n-epochs:3000, n-hidden:64,n-layers:4,weight-decay:0.0005,noise_p:0.01,noise_d:2
2022-07-07 16:55:21,279-OCGNN-INFO-Current epoch: 2999 Test AUROC 0.9169 | Test AUPRC 0.8440
2022-07-07 16:55:21,279-OCGNN-INFO-Test f1:0.6134,acc:0.4682,pre:0.4423,recall:1.0
2022-07-07 16:55:21,279-OCGNN-INFO-

2022-07-07 16:55:21,394-OCGNN-INFO-Start training
2022-07-07 16:55:21,394-OCGNN-INFO-dropout:0.5, nu:0.2,seed:52,lr:0.001,self-loop:True,norm:False
2022-07-07 16:55:21,394-OCGNN-INFO-n-epochs:3000, n-hidden:64,n-layers:4,weight-decay:0.0005,noise_p:0.01,noise_d:2
2022-07-07 16:56:06,410-OCGNN-INFO-Current epoch: 2999 Test AUROC 0.9087 | Test AUPRC 0.8343
2022-07-07 16:56:06,410-OCGNN-INFO-Test f1:0.6006,acc:0.439,pre:0.4292,recall:1.0
2022-07-07 16:56:06,410-OCGNN-INFO-

2022-07-07 16:56:06,526-OCGNN-INFO-Start training
2022-07-07 16:56:06,526-OCGNN-INFO-dropout:0.5, nu:0.2,seed:52,lr:0.001,self-loop:True,norm:False
2022-07-07 16:56:06,526-OCGNN-INFO-n-epochs:3000, n-hidden:64,n-layers:4,weight-decay:0.0005,noise_p:0.01,noise_d:2
2022-07-07 16:56:51,469-OCGNN-INFO-Current epoch: 2999 Test AUROC 0.9141 | Test AUPRC 0.8433
2022-07-07 16:56:51,469-OCGNN-INFO-Test f1:0.6058,acc:0.4511,pre:0.4345,recall:1.0
2022-07-07 16:56:51,469-OCGNN-INFO-

2022-07-07 16:56:51,586-OCGNN-INFO-Start training
2022-07-07 16:56:51,586-OCGNN-INFO-dropout:0.5, nu:0.2,seed:52,lr:0.001,self-loop:True,norm:False
2022-07-07 16:56:51,586-OCGNN-INFO-n-epochs:3000, n-hidden:64,n-layers:4,weight-decay:0.0005,noise_p:0.01,noise_d:2
2022-07-07 16:57:37,569-OCGNN-INFO-Current epoch: 2999 Test AUROC 0.9032 | Test AUPRC 0.8268
2022-07-07 16:57:37,569-OCGNN-INFO-Test f1:0.6049,acc:0.449,pre:0.4336,recall:1.0
2022-07-07 16:57:37,569-OCGNN-INFO-

2022-07-07 17:58:54,765-OCGNN-INFO-Start training
2022-07-07 17:58:54,765-OCGNN-INFO-dropout:0.5, nu:0.2,seed:52,lr:0.001,self-loop:True,norm:False
2022-07-07 17:58:54,765-OCGNN-INFO-n-epochs:3000, n-hidden:64,n-layers:4,weight-decay:0.0005,noise_p:0.01,noise_d:2
2022-07-07 17:59:39,126-OCGNN-INFO-Current epoch: 2999 Test AUROC 0.8995 | Test AUPRC 0.8286
2022-07-07 17:59:39,126-OCGNN-INFO-Test f1:0.6076,acc:0.4551,pre:0.4363,recall:1.0
2022-07-07 17:59:39,126-OCGNN-INFO-

2022-07-07 17:59:39,221-OCGNN-INFO-Start training
2022-07-07 17:59:39,221-OCGNN-INFO-dropout:0.5, nu:0.2,seed:52,lr:0.001,self-loop:True,norm:False
2022-07-07 17:59:39,221-OCGNN-INFO-n-epochs:3000, n-hidden:64,n-layers:4,weight-decay:0.0005,noise_p:0.01,noise_d:2
2022-07-07 18:00:23,484-OCGNN-INFO-Current epoch: 2999 Test AUROC 0.9094 | Test AUPRC 0.8378
2022-07-07 18:00:23,484-OCGNN-INFO-Test f1:0.6023,acc:0.443,pre:0.4309,recall:1.0
2022-07-07 18:00:23,484-OCGNN-INFO-

2022-07-07 18:00:23,597-OCGNN-INFO-Start training
2022-07-07 18:00:23,597-OCGNN-INFO-dropout:0.5, nu:0.2,seed:52,lr:0.001,self-loop:True,norm:False
2022-07-07 18:00:23,597-OCGNN-INFO-n-epochs:3000, n-hidden:64,n-layers:4,weight-decay:0.0005,noise_p:0.01,noise_d:2
2022-07-07 18:01:07,764-OCGNN-INFO-Current epoch: 2999 Test AUROC 0.9126 | Test AUPRC 0.8471
2022-07-07 18:01:07,764-OCGNN-INFO-Test f1:0.6019,acc:0.442,pre:0.4305,recall:1.0
2022-07-07 18:01:07,764-OCGNN-INFO-

2022-07-07 18:01:07,884-OCGNN-INFO-Start training
2022-07-07 18:01:07,884-OCGNN-INFO-dropout:0.5, nu:0.2,seed:52,lr:0.001,self-loop:True,norm:False
2022-07-07 18:01:07,884-OCGNN-INFO-n-epochs:3000, n-hidden:64,n-layers:4,weight-decay:0.0005,noise_p:0.01,noise_d:2
2022-07-07 18:01:53,386-OCGNN-INFO-Current epoch: 2999 Test AUROC 0.9045 | Test AUPRC 0.8277
2022-07-07 18:01:53,386-OCGNN-INFO-Test f1:0.6076,acc:0.4551,pre:0.4363,recall:1.0
2022-07-07 18:01:53,386-OCGNN-INFO-

2022-07-07 18:01:53,505-OCGNN-INFO-Start training
2022-07-07 18:01:53,505-OCGNN-INFO-dropout:0.5, nu:0.2,seed:52,lr:0.001,self-loop:True,norm:False
2022-07-07 18:01:53,505-OCGNN-INFO-n-epochs:3000, n-hidden:64,n-layers:4,weight-decay:0.0005,noise_p:0.01,noise_d:2
2022-07-07 18:02:38,888-OCGNN-INFO-Current epoch: 2999 Test AUROC 0.9164 | Test AUPRC 0.8529
2022-07-07 18:02:38,888-OCGNN-INFO-Test f1:0.6032,acc:0.445,pre:0.4318,recall:1.0
2022-07-07 18:02:38,888-OCGNN-INFO-

2022-07-10 11:44:43,830-OCGNN-INFO-Start training
2022-07-10 11:44:43,830-OCGNN-INFO-dropout:0.5, nu:0.2,seed:52,lr:0.001,self-loop:True,norm:False
2022-07-10 11:44:43,830-OCGNN-INFO-n-epochs:3000, n-hidden:64,n-layers:4,weight-decay:0.0005,noise_p:0.01,noise_d:2
2022-07-10 11:45:04,336-OCGNN-INFO-Start training
2022-07-10 11:45:04,336-OCGNN-INFO-dropout:0.5, nu:0.2,seed:52,lr:0.001,self-loop:True,norm:False
2022-07-10 11:45:04,337-OCGNN-INFO-n-epochs:3000, n-hidden:64,n-layers:4,weight-decay:0.0005,noise_p:0.01,noise_d:2
2022-07-10 11:45:50,041-OCGNN-INFO-Current epoch: 2999 Test AUROC 0.8113 | Test AUPRC 0.5719
2022-07-10 11:45:50,041-OCGNN-INFO-Test f1:0.4,acc:0.3424,pre:0.2507,recall:0.9889
2022-07-10 11:45:50,041-OCGNN-INFO-

2022-07-10 11:45:50,150-OCGNN-INFO-Start training
2022-07-10 11:45:50,151-OCGNN-INFO-dropout:0.5, nu:0.2,seed:52,lr:0.001,self-loop:True,norm:False
2022-07-10 11:45:50,151-OCGNN-INFO-n-epochs:3000, n-hidden:64,n-layers:4,weight-decay:0.0005,noise_p:0.01,noise_d:2
2022-07-10 11:46:35,499-OCGNN-INFO-Current epoch: 2999 Test AUROC 0.8110 | Test AUPRC 0.5433
2022-07-10 11:46:35,499-OCGNN-INFO-Test f1:0.3708,acc:0.2475,pre:0.2276,recall:1.0
2022-07-10 11:46:35,499-OCGNN-INFO-

2022-07-10 11:46:35,616-OCGNN-INFO-Start training
2022-07-10 11:46:35,616-OCGNN-INFO-dropout:0.5, nu:0.2,seed:52,lr:0.001,self-loop:True,norm:False
2022-07-10 11:46:35,616-OCGNN-INFO-n-epochs:3000, n-hidden:64,n-layers:4,weight-decay:0.0005,noise_p:0.01,noise_d:2
2022-07-10 11:47:21,223-OCGNN-INFO-Current epoch: 2999 Test AUROC 0.8317 | Test AUPRC 0.5460
2022-07-10 11:47:21,223-OCGNN-INFO-Test f1:0.3663,acc:0.2414,pre:0.2247,recall:0.9889
2022-07-10 11:47:21,223-OCGNN-INFO-

2022-07-10 11:47:21,347-OCGNN-INFO-Start training
2022-07-10 11:47:21,347-OCGNN-INFO-dropout:0.5, nu:0.2,seed:52,lr:0.001,self-loop:True,norm:False
2022-07-10 11:47:21,347-OCGNN-INFO-n-epochs:3000, n-hidden:64,n-layers:4,weight-decay:0.0005,noise_p:0.01,noise_d:2
2022-07-10 11:48:08,128-OCGNN-INFO-Current epoch: 2999 Test AUROC 0.8188 | Test AUPRC 0.5526
2022-07-10 11:48:08,129-OCGNN-INFO-Test f1:0.3702,acc:0.25,pre:0.2274,recall:0.9944
2022-07-10 11:48:08,129-OCGNN-INFO-

2022-07-10 11:48:08,250-OCGNN-INFO-Start training
2022-07-10 11:48:08,250-OCGNN-INFO-dropout:0.5, nu:0.2,seed:52,lr:0.001,self-loop:True,norm:False
2022-07-10 11:48:08,250-OCGNN-INFO-n-epochs:3000, n-hidden:64,n-layers:4,weight-decay:0.0005,noise_p:0.01,noise_d:2
2022-07-10 11:48:54,762-OCGNN-INFO-Current epoch: 2999 Test AUROC 0.8317 | Test AUPRC 0.5714
2022-07-10 11:48:54,762-OCGNN-INFO-Test f1:0.3689,acc:0.2414,pre:0.2261,recall:1.0
2022-07-10 11:48:54,762-OCGNN-INFO-

2022-07-11 12:00:22,296-OCGNN-INFO-Start training
2022-07-11 12:00:22,296-OCGNN-INFO-dropout:0.5, nu:0.2,seed:52,lr:0.001,self-loop:True,norm:False
2022-07-11 12:00:22,296-OCGNN-INFO-n-epochs:3000, n-hidden:64,n-layers:4,weight-decay:0.0005,noise_p:0.01,noise_d:2
2022-07-11 12:01:10,537-OCGNN-INFO-Current epoch: 2999 Test AUROC 0.8353 | Test AUPRC 0.5666
2022-07-11 12:01:10,537-OCGNN-INFO-Test f1:0.3725,acc:0.2574,pre:0.2292,recall:0.9944,pre@50:0.5306,pre@100:0.4949,pre@200:0.3283,
2022-07-11 12:01:10,537-OCGNN-INFO-

2022-07-11 12:01:10,634-OCGNN-INFO-Start training
2022-07-11 12:01:10,634-OCGNN-INFO-dropout:0.5, nu:0.2,seed:52,lr:0.001,self-loop:True,norm:False
2022-07-11 12:01:10,634-OCGNN-INFO-n-epochs:3000, n-hidden:64,n-layers:4,weight-decay:0.0005,noise_p:0.01,noise_d:2
2022-07-11 12:01:58,825-OCGNN-INFO-Current epoch: 2999 Test AUROC 0.7258 | Test AUPRC 0.5008
2022-07-11 12:01:58,825-OCGNN-INFO-Test f1:0.4695,acc:0.6576,pre:0.3576,recall:0.6833,pre@50:0.65,pre@100:0.6125,pre@200:0.496,
2022-07-11 12:01:58,825-OCGNN-INFO-

2022-07-11 12:01:58,941-OCGNN-INFO-Start training
2022-07-11 12:01:58,941-OCGNN-INFO-dropout:0.5, nu:0.2,seed:52,lr:0.001,self-loop:True,norm:False
2022-07-11 12:01:58,941-OCGNN-INFO-n-epochs:3000, n-hidden:64,n-layers:4,weight-decay:0.0005,noise_p:0.01,noise_d:2
2022-07-11 12:02:47,293-OCGNN-INFO-Current epoch: 2999 Test AUROC 0.8217 | Test AUPRC 0.5546
2022-07-11 12:02:47,293-OCGNN-INFO-Test f1:0.3697,acc:0.2525,pre:0.2273,recall:0.9889,pre@50:0.52,pre@100:0.5,pre@200:0.3316,
2022-07-11 12:02:47,293-OCGNN-INFO-

2022-07-11 12:02:47,413-OCGNN-INFO-Start training
2022-07-11 12:02:47,413-OCGNN-INFO-dropout:0.5, nu:0.2,seed:52,lr:0.001,self-loop:True,norm:False
2022-07-11 12:02:47,413-OCGNN-INFO-n-epochs:3000, n-hidden:64,n-layers:4,weight-decay:0.0005,noise_p:0.01,noise_d:2
2022-07-11 12:03:35,902-OCGNN-INFO-Current epoch: 2999 Test AUROC 0.8262 | Test AUPRC 0.5690
2022-07-11 12:03:35,903-OCGNN-INFO-Test f1:0.3706,acc:0.2512,pre:0.2277,recall:0.9944,pre@50:0.5417,pre@100:0.5,pre@200:0.3283,
2022-07-11 12:03:35,903-OCGNN-INFO-

2022-07-11 12:03:36,031-OCGNN-INFO-Start training
2022-07-11 12:03:36,031-OCGNN-INFO-dropout:0.5, nu:0.2,seed:52,lr:0.001,self-loop:True,norm:False
2022-07-11 12:03:36,031-OCGNN-INFO-n-epochs:3000, n-hidden:64,n-layers:4,weight-decay:0.0005,noise_p:0.01,noise_d:2
2022-07-11 12:04:25,190-OCGNN-INFO-Current epoch: 2999 Test AUROC 0.8486 | Test AUPRC 0.5871
2022-07-11 12:04:25,190-OCGNN-INFO-Test f1:0.3715,acc:0.25,pre:0.2281,recall:1.0,pre@50:0.52,pre@100:0.49,pre@200:0.3266,
2022-07-11 12:04:25,190-OCGNN-INFO-

2022-07-11 13:06:30,922-OCGNN-INFO-Start training
2022-07-11 13:06:30,922-OCGNN-INFO-dropout:0.5, nu:0.2,seed:52,lr:0.001,self-loop:True,norm:False
2022-07-11 13:06:30,922-OCGNN-INFO-n-epochs:3000, n-hidden:64,n-layers:4,weight-decay:0.0005,noise_p:0.01,noise_d:2
2022-07-11 13:07:22,003-OCGNN-INFO-Current epoch: 2999 Test AUROC 0.9047 | Test AUPRC 0.8223
2022-07-11 13:07:22,003-OCGNN-INFO-Test f1:0.6058,acc:0.4511,pre:0.4345,recall:1.0,pre@50:0.1633,pre@100:0.202,pre@200:0.3706,
2022-07-11 13:07:22,003-OCGNN-INFO-

2022-07-11 13:07:22,101-OCGNN-INFO-Start training
2022-07-11 13:07:22,101-OCGNN-INFO-dropout:0.5, nu:0.2,seed:52,lr:0.001,self-loop:True,norm:False
2022-07-11 13:07:22,101-OCGNN-INFO-n-epochs:3000, n-hidden:64,n-layers:4,weight-decay:0.0005,noise_p:0.01,noise_d:2
2022-07-11 13:08:11,271-OCGNN-INFO-Current epoch: 2999 Test AUROC 0.9113 | Test AUPRC 0.8337
2022-07-11 13:08:11,271-OCGNN-INFO-Test f1:0.6262,acc:0.4965,pre:0.4558,recall:1.0,pre@50:0.1667,pre@100:0.2083,pre@200:0.3822,
2022-07-11 13:08:11,271-OCGNN-INFO-

2022-07-11 13:08:11,386-OCGNN-INFO-Start training
2022-07-11 13:08:11,386-OCGNN-INFO-dropout:0.5, nu:0.2,seed:52,lr:0.001,self-loop:True,norm:False
2022-07-11 13:08:11,386-OCGNN-INFO-n-epochs:3000, n-hidden:64,n-layers:4,weight-decay:0.0005,noise_p:0.01,noise_d:2
2022-07-11 13:09:00,552-OCGNN-INFO-Current epoch: 2999 Test AUROC 0.8953 | Test AUPRC 0.8067
2022-07-11 13:09:00,552-OCGNN-INFO-Test f1:0.6088,acc:0.4591,pre:0.438,recall:0.9976,pre@50:0.1633,pre@100:0.2041,pre@200:0.3687,
2022-07-11 13:09:00,552-OCGNN-INFO-

2022-07-11 13:09:00,671-OCGNN-INFO-Start training
2022-07-11 13:09:00,671-OCGNN-INFO-dropout:0.5, nu:0.2,seed:52,lr:0.001,self-loop:True,norm:False
2022-07-11 13:09:00,671-OCGNN-INFO-n-epochs:3000, n-hidden:64,n-layers:4,weight-decay:0.0005,noise_p:0.01,noise_d:2
2022-07-11 13:09:49,902-OCGNN-INFO-Current epoch: 2999 Test AUROC 0.9044 | Test AUPRC 0.8279
2022-07-11 13:09:49,902-OCGNN-INFO-Test f1:0.6032,acc:0.445,pre:0.4318,recall:1.0,pre@50:0.1633,pre@100:0.2041,pre@200:0.3687,
2022-07-11 13:09:49,902-OCGNN-INFO-

2022-07-11 13:09:50,019-OCGNN-INFO-Start training
2022-07-11 13:09:50,019-OCGNN-INFO-dropout:0.5, nu:0.2,seed:52,lr:0.001,self-loop:True,norm:False
2022-07-11 13:09:50,019-OCGNN-INFO-n-epochs:3000, n-hidden:64,n-layers:4,weight-decay:0.0005,noise_p:0.01,noise_d:2
2022-07-11 13:10:39,849-OCGNN-INFO-Current epoch: 2999 Test AUROC 0.8986 | Test AUPRC 0.8215
2022-07-11 13:10:39,849-OCGNN-INFO-Test f1:0.6055,acc:0.4531,pre:0.4351,recall:0.9952,pre@50:0.1667,pre@100:0.2062,pre@200:0.3706,
2022-07-11 13:10:39,849-OCGNN-INFO-

